  Source.cpp
C:\Users\TrybSkupienia\Desktop\theGame\CurveFever\CurveFever\CurveFever\Source.cpp(110,32): warning C4244: 'argument': conversion from 'int' to 'float', possible loss of data
C:\Users\TrybSkupienia\Desktop\theGame\CurveFever\CurveFever\CurveFever\Source.cpp(111,32): warning C4244: 'argument': conversion from 'int' to 'float', possible loss of data
C:\Users\TrybSkupienia\Desktop\theGame\CurveFever\CurveFever\CurveFever\Source.cpp(111,24): warning C4244: 'argument': conversion from 'int' to 'float', possible loss of data
C:\Users\TrybSkupienia\Desktop\theGame\CurveFever\CurveFever\CurveFever\Source.cpp(173,18): warning C4244: 'return': conversion from 'double' to 'float', possible loss of data
C:\Users\TrybSkupienia\Desktop\theGame\CurveFever\CurveFever\CurveFever\Source.cpp(196,31): warning C4244: '=': conversion from 'double' to 'unsigned int', possible loss of data
C:\Users\TrybSkupienia\Desktop\theGame\CurveFever\CurveFever\CurveFever\Source.cpp(244,54): warning C4244: 'argument': conversion from 'double' to 'float', possible loss of data
C:\Users\TrybSkupienia\Desktop\theGame\CurveFever\CurveFever\CurveFever\Source.cpp(252,54): warning C4244: 'argument': conversion from 'int' to 'float', possible loss of data
C:\Users\TrybSkupienia\Desktop\theGame\CurveFever\CurveFever\CurveFever\Source.cpp(254,70): warning C4244: 'argument': conversion from 'int' to 'float', possible loss of data
C:\Users\TrybSkupienia\Desktop\theGame\CurveFever\CurveFever\CurveFever\Source.cpp(254,48): warning C4244: 'argument': conversion from 'int' to 'float', possible loss of data
C:\Users\TrybSkupienia\Desktop\theGame\CurveFever\CurveFever\CurveFever\Source.cpp(323,43): warning C4244: '=': conversion from 'sf::Int64' to 'float', possible loss of data
C:\Users\TrybSkupienia\Desktop\theGame\CurveFever\CurveFever\CurveFever\Source.cpp(327,39): warning C4244: '-=': conversion from 'double' to 'float', possible loss of data
C:\Users\TrybSkupienia\Desktop\theGame\CurveFever\CurveFever\CurveFever\Source.cpp(330,39): warning C4244: '+=': conversion from 'double' to 'float', possible loss of data
C:\Users\TrybSkupienia\Desktop\theGame\CurveFever\CurveFever\CurveFever\Source.cpp(370,55): warning C4244: 'argument': conversion from 'double' to 'float', possible loss of data
C:\Users\TrybSkupienia\Desktop\theGame\CurveFever\CurveFever\CurveFever\Source.cpp(370,28): warning C4244: 'argument': conversion from 'int' to 'float', possible loss of data
C:\Users\TrybSkupienia\Desktop\theGame\CurveFever\CurveFever\CurveFever\Source.cpp(371,55): warning C4244: 'argument': conversion from 'double' to 'float', possible loss of data
C:\Users\TrybSkupienia\Desktop\theGame\CurveFever\CurveFever\CurveFever\Source.cpp(371,28): warning C4244: 'argument': conversion from 'int' to 'float', possible loss of data
C:\Users\TrybSkupienia\Desktop\theGame\CurveFever\CurveFever\CurveFever\Source.cpp(372,55): warning C4244: 'argument': conversion from 'double' to 'float', possible loss of data
C:\Users\TrybSkupienia\Desktop\theGame\CurveFever\CurveFever\CurveFever\Source.cpp(372,28): warning C4244: 'argument': conversion from 'int' to 'float', possible loss of data
C:\Users\TrybSkupienia\Desktop\theGame\CurveFever\CurveFever\CurveFever\Source.cpp(373,55): warning C4244: 'argument': conversion from 'double' to 'float', possible loss of data
C:\Users\TrybSkupienia\Desktop\theGame\CurveFever\CurveFever\CurveFever\Source.cpp(373,28): warning C4244: 'argument': conversion from 'int' to 'float', possible loss of data
  CurveFever.vcxproj -> C:\Users\TrybSkupienia\Desktop\theGame\CurveFever\CurveFever\x64\Debug\CurveFever.exe
