c:\users\trybskupienia\desktop\thegame\curvefever\curvefever\curvefever\x64\debug\vc142.pdb
c:\users\trybskupienia\desktop\thegame\curvefever\curvefever\curvefever\x64\debug\vc142.idb
c:\users\trybskupienia\desktop\thegame\curvefever\curvefever\curvefever\x64\debug\source.obj
c:\users\trybskupienia\desktop\thegame\curvefever\curvefever\curvefever\x64\debug\imgui_widgets.obj
c:\users\trybskupienia\desktop\thegame\curvefever\curvefever\curvefever\x64\debug\imgui_tables.obj
c:\users\trybskupienia\desktop\thegame\curvefever\curvefever\curvefever\x64\debug\imgui_draw.obj
c:\users\trybskupienia\desktop\thegame\curvefever\curvefever\curvefever\x64\debug\imgui.obj
c:\users\trybskupienia\desktop\thegame\curvefever\curvefever\curvefever\x64\debug\imgui-sfml.obj
c:\users\trybskupienia\desktop\thegame\curvefever\curvefever\curvefever\x64\debug\player.obj
c:\users\trybskupienia\desktop\thegame\curvefever\curvefever\curvefever\x64\debug\window.obj
c:\users\trybskupienia\desktop\thegame\curvefever\curvefever\curvefever\x64\debug\network.obj
c:\users\trybskupienia\desktop\thegame\curvefever\curvefever\x64\debug\curvefever.exe
c:\users\trybskupienia\desktop\thegame\curvefever\curvefever\x64\debug\curvefever.ilk
c:\users\trybskupienia\desktop\thegame\curvefever\curvefever\x64\debug\curvefever.pdb
c:\users\trybskupienia\desktop\thegame\curvefever\curvefever\curvefever\x64\debug\curvefever.tlog\cl.command.1.tlog
c:\users\trybskupienia\desktop\thegame\curvefever\curvefever\curvefever\x64\debug\curvefever.tlog\cl.read.1.tlog
c:\users\trybskupienia\desktop\thegame\curvefever\curvefever\curvefever\x64\debug\curvefever.tlog\cl.write.1.tlog
c:\users\trybskupienia\desktop\thegame\curvefever\curvefever\curvefever\x64\debug\curvefever.tlog\link.command.1.tlog
c:\users\trybskupienia\desktop\thegame\curvefever\curvefever\curvefever\x64\debug\curvefever.tlog\link.read.1.tlog
c:\users\trybskupienia\desktop\thegame\curvefever\curvefever\curvefever\x64\debug\curvefever.tlog\link.write.1.tlog
